{"D:\\Bloom projects\\projects\\node-testing2-project\\knexfile.js": {"path":"D:\\Bloom projects\\projects\\node-testing2-project\\knexfile.js","statementMap":{"0":{"start":{"line":7,"column":15},"end":{"line":12,"column":1}},"1":{"start":{"line":14,"column":0},"end":{"line":32,"column":2}}},"fnMap":{},"branchMap":{},"s":{"0":1,"1":1},"f":{},"b":{},"_coverageSchema":"1a1c01bbd47fc00a2c39e90264f33305004495a9","hash":"7dda10bab41ae53de5e99b68decfae6405aafbc3"}
,"D:\\Bloom projects\\projects\\node-testing2-project\\api\\server.js": {"path":"D:\\Bloom projects\\projects\\node-testing2-project\\api\\server.js","statementMap":{"0":{"start":{"line":1,"column":16},"end":{"line":1,"column":34}},"1":{"start":{"line":2,"column":20},"end":{"line":2,"column":51}},"2":{"start":{"line":4,"column":15},"end":{"line":4,"column":24}},"3":{"start":{"line":6,"column":0},"end":{"line":6,"column":26}},"4":{"start":{"line":8,"column":0},"end":{"line":8,"column":36}},"5":{"start":{"line":10,"column":0},"end":{"line":10,"column":23}}},"fnMap":{},"branchMap":{},"s":{"0":1,"1":1,"2":1,"3":1,"4":1,"5":1},"f":{},"b":{},"_coverageSchema":"1a1c01bbd47fc00a2c39e90264f33305004495a9","hash":"18640a217f15d17afc5b5a6a14d2123ef814435c"}
,"D:\\Bloom projects\\projects\\node-testing2-project\\api\\users\\users-middleware.js": {"path":"D:\\Bloom projects\\projects\\node-testing2-project\\api\\users\\users-middleware.js","statementMap":{"0":{"start":{"line":1,"column":11},"end":{"line":1,"column":42}},"1":{"start":{"line":4,"column":19},"end":{"line":4,"column":27}},"2":{"start":{"line":5,"column":19},"end":{"line":5,"column":50}},"3":{"start":{"line":6,"column":4},"end":{"line":16,"column":5}},"4":{"start":{"line":7,"column":8},"end":{"line":13,"column":9}},"5":{"start":{"line":8,"column":12},"end":{"line":8,"column":18}},"6":{"start":{"line":10,"column":12},"end":{"line":12,"column":14}},"7":{"start":{"line":15,"column":8},"end":{"line":15,"column":19}},"8":{"start":{"line":20,"column":0},"end":{"line":22,"column":1}}},"fnMap":{"0":{"name":"nameIsUnique","decl":{"start":{"line":3,"column":15},"end":{"line":3,"column":27}},"loc":{"start":{"line":3,"column":42},"end":{"line":18,"column":1}},"line":3}},"branchMap":{"0":{"loc":{"start":{"line":7,"column":8},"end":{"line":13,"column":9}},"type":"if","locations":[{"start":{"line":7,"column":8},"end":{"line":13,"column":9}},{"start":{"line":9,"column":15},"end":{"line":13,"column":9}}],"line":7}},"s":{"0":1,"1":2,"2":2,"3":2,"4":2,"5":2,"6":0,"7":0,"8":1},"f":{"0":2},"b":{"0":[2,0]},"_coverageSchema":"1a1c01bbd47fc00a2c39e90264f33305004495a9","hash":"115beb13fdb9fb3bfe756b84354b4fa2f811e00c"}
,"D:\\Bloom projects\\projects\\node-testing2-project\\api\\users\\users-module.js": {"path":"D:\\Bloom projects\\projects\\node-testing2-project\\api\\users\\users-module.js","statementMap":{"0":{"start":{"line":1,"column":11},"end":{"line":1,"column":42}},"1":{"start":{"line":4,"column":4},"end":{"line":4,"column":28}},"2":{"start":{"line":8,"column":4},"end":{"line":10,"column":6}},"3":{"start":{"line":9,"column":8},"end":{"line":9,"column":46}},"4":{"start":{"line":14,"column":21},"end":{"line":14,"column":50}},"5":{"start":{"line":15,"column":4},"end":{"line":15,"column":39}},"6":{"start":{"line":16,"column":4},"end":{"line":16,"column":17}},"7":{"start":{"line":19,"column":0},"end":{"line":23,"column":1}}},"fnMap":{"0":{"name":"getAll","decl":{"start":{"line":3,"column":15},"end":{"line":3,"column":21}},"loc":{"start":{"line":3,"column":24},"end":{"line":5,"column":1}},"line":3},"1":{"name":"add","decl":{"start":{"line":7,"column":15},"end":{"line":7,"column":18}},"loc":{"start":{"line":7,"column":25},"end":{"line":11,"column":1}},"line":7},"2":{"name":"(anonymous_2)","decl":{"start":{"line":8,"column":47},"end":{"line":8,"column":48}},"loc":{"start":{"line":8,"column":57},"end":{"line":10,"column":5}},"line":8},"3":{"name":"remove","decl":{"start":{"line":13,"column":15},"end":{"line":13,"column":21}},"loc":{"start":{"line":13,"column":26},"end":{"line":17,"column":1}},"line":13}},"branchMap":{},"s":{"0":1,"1":5,"2":2,"3":2,"4":4,"5":4,"6":4,"7":1},"f":{"0":5,"1":2,"2":2,"3":4},"b":{},"_coverageSchema":"1a1c01bbd47fc00a2c39e90264f33305004495a9","hash":"addbf8e9fc597d59c178aafe89d371afa7cf3314"}
,"D:\\Bloom projects\\projects\\node-testing2-project\\api\\users\\users-router.js": {"path":"D:\\Bloom projects\\projects\\node-testing2-project\\api\\users\\users-router.js","statementMap":{"0":{"start":{"line":1,"column":15},"end":{"line":1,"column":42}},"1":{"start":{"line":2,"column":14},"end":{"line":2,"column":39}},"2":{"start":{"line":3,"column":23},"end":{"line":3,"column":52}},"3":{"start":{"line":5,"column":0},"end":{"line":11,"column":2}},"4":{"start":{"line":6,"column":4},"end":{"line":10,"column":20}},"5":{"start":{"line":8,"column":12},"end":{"line":8,"column":39}},"6":{"start":{"line":13,"column":0},"end":{"line":19,"column":2}},"7":{"start":{"line":14,"column":4},"end":{"line":18,"column":20}},"8":{"start":{"line":16,"column":12},"end":{"line":16,"column":41}},"9":{"start":{"line":21,"column":0},"end":{"line":28,"column":2}},"10":{"start":{"line":22,"column":17},"end":{"line":22,"column":27}},"11":{"start":{"line":23,"column":4},"end":{"line":27,"column":20}},"12":{"start":{"line":25,"column":12},"end":{"line":25,"column":38}},"13":{"start":{"line":30,"column":0},"end":{"line":34,"column":2}},"14":{"start":{"line":31,"column":4},"end":{"line":33,"column":6}},"15":{"start":{"line":36,"column":0},"end":{"line":36,"column":23}}},"fnMap":{"0":{"name":"(anonymous_0)","decl":{"start":{"line":5,"column":16},"end":{"line":5,"column":17}},"loc":{"start":{"line":5,"column":34},"end":{"line":11,"column":1}},"line":5},"1":{"name":"(anonymous_1)","decl":{"start":{"line":7,"column":14},"end":{"line":7,"column":15}},"loc":{"start":{"line":7,"column":23},"end":{"line":9,"column":9}},"line":7},"2":{"name":"(anonymous_2)","decl":{"start":{"line":13,"column":30},"end":{"line":13,"column":31}},"loc":{"start":{"line":13,"column":48},"end":{"line":19,"column":1}},"line":13},"3":{"name":"(anonymous_3)","decl":{"start":{"line":15,"column":14},"end":{"line":15,"column":15}},"loc":{"start":{"line":15,"column":25},"end":{"line":17,"column":9}},"line":15},"4":{"name":"(anonymous_4)","decl":{"start":{"line":21,"column":22},"end":{"line":21,"column":23}},"loc":{"start":{"line":21,"column":40},"end":{"line":28,"column":1}},"line":21},"5":{"name":"(anonymous_5)","decl":{"start":{"line":24,"column":14},"end":{"line":24,"column":15}},"loc":{"start":{"line":24,"column":22},"end":{"line":26,"column":9}},"line":24},"6":{"name":"(anonymous_6)","decl":{"start":{"line":30,"column":11},"end":{"line":30,"column":12}},"loc":{"start":{"line":30,"column":33},"end":{"line":34,"column":1}},"line":30}},"branchMap":{"0":{"loc":{"start":{"line":31,"column":15},"end":{"line":31,"column":32}},"type":"binary-expr","locations":[{"start":{"line":31,"column":15},"end":{"line":31,"column":25}},{"start":{"line":31,"column":29},"end":{"line":31,"column":32}}],"line":31}},"s":{"0":1,"1":1,"2":1,"3":1,"4":5,"5":5,"6":1,"7":2,"8":2,"9":1,"10":4,"11":4,"12":4,"13":1,"14":0,"15":1},"f":{"0":5,"1":5,"2":2,"3":2,"4":4,"5":4,"6":0},"b":{"0":[0,0]},"_coverageSchema":"1a1c01bbd47fc00a2c39e90264f33305004495a9","hash":"26ff899a6975ecec950a9b3e5b6edf9161457a42"}
,"D:\\Bloom projects\\projects\\node-testing2-project\\data\\db-config.js": {"path":"D:\\Bloom projects\\projects\\node-testing2-project\\data\\db-config.js","statementMap":{"0":{"start":{"line":1,"column":13},"end":{"line":1,"column":28}},"1":{"start":{"line":2,"column":16},"end":{"line":2,"column":38}},"2":{"start":{"line":3,"column":20},"end":{"line":3,"column":57}},"3":{"start":{"line":5,"column":0},"end":{"line":5,"column":43}}},"fnMap":{},"branchMap":{"0":{"loc":{"start":{"line":3,"column":20},"end":{"line":3,"column":57}},"type":"binary-expr","locations":[{"start":{"line":3,"column":20},"end":{"line":3,"column":40}},{"start":{"line":3,"column":44},"end":{"line":3,"column":57}}],"line":3}},"s":{"0":1,"1":1,"2":1,"3":1},"f":{},"b":{"0":[1,0]},"_coverageSchema":"1a1c01bbd47fc00a2c39e90264f33305004495a9","hash":"88aef1ce251576016c77b7e09d3cf39706ea8860"}
,"D:\\Bloom projects\\projects\\node-testing2-project\\data\\migrations\\20240908160715_first-migration.js": {"path":"D:\\Bloom projects\\projects\\node-testing2-project\\data\\migrations\\20240908160715_first-migration.js","statementMap":{"0":{"start":{"line":5,"column":0},"end":{"line":12,"column":2}},"1":{"start":{"line":6,"column":2},"end":{"line":11,"column":4}},"2":{"start":{"line":7,"column":4},"end":{"line":7,"column":20}},"3":{"start":{"line":8,"column":4},"end":{"line":10,"column":17}},"4":{"start":{"line":18,"column":0},"end":{"line":20,"column":2}},"5":{"start":{"line":19,"column":2},"end":{"line":19,"column":47}}},"fnMap":{"0":{"name":"(anonymous_0)","decl":{"start":{"line":5,"column":13},"end":{"line":5,"column":14}},"loc":{"start":{"line":5,"column":28},"end":{"line":12,"column":1}},"line":5},"1":{"name":"(anonymous_1)","decl":{"start":{"line":6,"column":42},"end":{"line":6,"column":43}},"loc":{"start":{"line":6,"column":49},"end":{"line":11,"column":3}},"line":6},"2":{"name":"(anonymous_2)","decl":{"start":{"line":18,"column":15},"end":{"line":18,"column":16}},"loc":{"start":{"line":18,"column":30},"end":{"line":20,"column":1}},"line":18}},"branchMap":{},"s":{"0":1,"1":1,"2":1,"3":1,"4":1,"5":1},"f":{"0":1,"1":1,"2":1},"b":{},"_coverageSchema":"1a1c01bbd47fc00a2c39e90264f33305004495a9","hash":"5c959e78614ccc6e2eb8a2e53df6d740d0bb8b68"}
,"D:\\Bloom projects\\projects\\node-testing2-project\\seeds\\01-users.js": {"path":"D:\\Bloom projects\\projects\\node-testing2-project\\seeds\\01-users.js","statementMap":{"0":{"start":{"line":5,"column":0},"end":{"line":13,"column":2}},"1":{"start":{"line":7,"column":2},"end":{"line":7,"column":32}},"2":{"start":{"line":8,"column":2},"end":{"line":12,"column":5}}},"fnMap":{"0":{"name":"(anonymous_0)","decl":{"start":{"line":5,"column":15},"end":{"line":5,"column":16}},"loc":{"start":{"line":5,"column":36},"end":{"line":13,"column":1}},"line":5}},"branchMap":{},"s":{"0":1,"1":7,"2":7},"f":{"0":7},"b":{},"_coverageSchema":"1a1c01bbd47fc00a2c39e90264f33305004495a9","hash":"4d6466fe3843a046912996e0912a3d2860824525"}
}
