TN:
SF:knexfile.js
FNF:0
FNH:0
DA:7,1
DA:14,1
LF:2
LH:2
BRF:0
BRH:0
end_of_record
TN:
SF:api\server.js
FNF:0
FNH:0
DA:1,1
DA:2,1
DA:4,1
DA:6,1
DA:8,1
DA:10,1
LF:6
LH:6
BRF:0
BRH:0
end_of_record
TN:
SF:api\users\users-middleware.js
FN:3,nameIsUnique
FNF:1
FNH:1
FNDA:2,nameIsUnique
DA:1,1
DA:4,2
DA:5,2
DA:6,2
DA:7,2
DA:8,2
DA:10,0
DA:15,0
DA:20,1
LF:9
LH:7
BRDA:7,0,0,2
BRDA:7,0,1,0
BRF:2
BRH:1
end_of_record
TN:
SF:api\users\users-module.js
FN:3,getAll
FN:7,add
FN:8,(anonymous_2)
FN:13,remove
FNF:4
FNH:4
FNDA:5,getAll
FNDA:2,add
FNDA:2,(anonymous_2)
FNDA:4,remove
DA:1,1
DA:4,5
DA:8,2
DA:9,2
DA:14,4
DA:15,4
DA:16,4
DA:19,1
LF:8
LH:8
BRF:0
BRH:0
end_of_record
TN:
SF:api\users\users-router.js
FN:5,(anonymous_0)
FN:7,(anonymous_1)
FN:13,(anonymous_2)
FN:15,(anonymous_3)
FN:21,(anonymous_4)
FN:24,(anonymous_5)
FN:30,(anonymous_6)
FNF:7
FNH:6
FNDA:5,(anonymous_0)
FNDA:5,(anonymous_1)
FNDA:2,(anonymous_2)
FNDA:2,(anonymous_3)
FNDA:4,(anonymous_4)
FNDA:4,(anonymous_5)
FNDA:0,(anonymous_6)
DA:1,1
DA:2,1
DA:3,1
DA:5,1
DA:6,5
DA:8,5
DA:13,1
DA:14,2
DA:16,2
DA:21,1
DA:22,4
DA:23,4
DA:25,4
DA:30,1
DA:31,0
DA:36,1
LF:16
LH:15
BRDA:31,0,0,0
BRDA:31,0,1,0
BRF:2
BRH:0
end_of_record
TN:
SF:data\db-config.js
FNF:0
FNH:0
DA:1,1
DA:2,1
DA:3,1
DA:5,1
LF:4
LH:4
BRDA:3,0,0,1
BRDA:3,0,1,0
BRF:2
BRH:1
end_of_record
TN:
SF:data\migrations\20240908160715_first-migration.js
FN:5,(anonymous_0)
FN:6,(anonymous_1)
FN:18,(anonymous_2)
FNF:3
FNH:3
FNDA:1,(anonymous_0)
FNDA:1,(anonymous_1)
FNDA:1,(anonymous_2)
DA:5,1
DA:6,1
DA:7,1
DA:8,1
DA:18,1
DA:19,1
LF:6
LH:6
BRF:0
BRH:0
end_of_record
TN:
SF:seeds\01-users.js
FN:5,(anonymous_0)
FNF:1
FNH:1
FNDA:7,(anonymous_0)
DA:5,1
DA:7,7
DA:8,7
LF:3
LH:3
BRF:0
BRH:0
end_of_record
